2022-05-22 15:22:35.176 [INFO ] [main] Logs - clicked successfully
2022-05-22 15:22:38.835 [DEBUG] [main] Logs - clicked  successfully
2022-05-22 15:22:52.002 [INFO ] [main] Logs - successfully clicked on carriers
2022-05-22 15:22:55.140 [INFO ] [main] Logs - successfully clicked on apply
2022-05-22 15:23:01.976 [INFO ] [main] Logs - successfully clicked on apply
2022-05-22 15:23:11.335 [INFO ] [main] Logs - successfully clicked
2022-05-22 15:23:14.777 [INFO ] [main] Logs - successfully closed
2022-05-22 15:23:20.872 [INFO ] [main] Logs - successfully clicked
2022-05-22 15:23:20.930 [INFO ] [main] Logs - successfully got
2022-05-22 15:23:21.353 [INFO ] [main] Logs - successfully hovered
2022-05-22 15:23:23.542 [INFO ] [main] Logs - successfully checked
2022-05-22 15:23:25.600 [INFO ] [main] Logs - successfully got
2022-05-22 15:23:27.833 [INFO ] [main] Logs - successfully entered
2022-05-22 15:23:29.972 [INFO ] [main] Logs - successfully clicked
2022-05-22 15:23:45.429 [DEBUG] [main] Logs - clicked successfully
2022-05-22 15:23:48.586 [DEBUG] [main] Logs - text sended successfully
2022-05-22 15:23:53.144 [INFO ] [main] Logs - entered successfully
2022-05-22 15:23:56.433 [DEBUG] [main] Logs - popup closed successfully
2022-05-22 15:24:04.451 [INFO ] [main] Logs - hover successfully
2022-05-22 15:24:09.157 [INFO ] [main] Logs - clicked successfully
2022-05-22 15:24:12.448 [INFO ] [main] Logs - closed successfully
2022-05-22 15:24:15.699 [INFO ] [main] Logs - hovered successfully
2022-05-22 15:24:20.097 [INFO ] [main] Logs - addedd on cart successfully
2022-05-22 15:24:25.280 [INFO ] [main] Logs - added successfully
2022-05-22 15:24:31.227 [INFO ] [main] Logs - quantity selected successfully
2022-05-22 15:24:34.293 [INFO ] [main] Logs - text got successfully
2022-05-22 15:24:37.435 [INFO ] [main] Logs - checkout successfully
2022-05-22 15:24:41.846 [INFO ] [main] Logs - details added successfully
2022-05-22 15:24:54.813 [DEBUG] [main] Logs - clicked successfully
2022-05-22 15:24:57.946 [DEBUG] [main] Logs - verified text
2022-05-22 15:25:02.803 [DEBUG] [main] Logs - clicked on customer stories
2022-05-22 15:25:05.893 [DEBUG] [main] Logs - successfully got customer response
2022-05-22 15:25:19.458 [INFO ] [main] Logs - clicked successfully
2022-05-22 15:25:26.935 [INFO ] [main] Logs - hovered successfully
2022-05-22 15:25:30.050 [INFO ] [main] Logs - choosed successfully
2022-05-22 15:25:49.557 [INFO ] [main] Logs - clicked
2022-05-22 15:26:48.516 [DEBUG] [main] Logs - popup closed successfully
2022-05-22 15:26:48.823 [INFO ] [main] Logs - successfully hovered
